Testing OK programs

Testing: testfiles/testok1.pas

Parse Fail!
[program,testok1,(,input,,,output,),;,var,a,,,b,,,c,:,integer,;,begin,a,:,=,b,+,c,*,2,end,.]
[256,269,40,257,44,258,41,59,259,269,44,269,44,269,58,263,59,260,269,58,60,269,43,269,42,270,261,46]
testfiles/testok1.pas end

Testing: testfiles/testok2.pas

Parse Fail!
[program,testok2,(,input,,,output,),;,var,a,,,b,,,c,:,integer,;,d,,,e,,,f,:,integer,;,g,,,h,,,i,:,integer,;,begin,a,:,=,b,+,c,*,2,;,d,:,=,e,+,f,*,2,;,g,:,=,h,+,i,*,2,end,.]
[256,269,40,257,44,258,41,59,259,269,44,269,44,269,58,263,59,269,44,269,44,269,58,263,59,269,44,269,44,269,58,263,59,260,269,58,60,269,43,269,42,270,59,269,58,60,269,43,269,42,270,59,269,58,60,269,43,269,42,270,261,46]
testfiles/testok2.pas end

Testing: testfiles/testok3.pas

Parse Fail!
[program,testok3,(,input,,,output,),;,var,a,,,b,,,c,:,integer,;,begin,a,:,=,2,+,6,*,8,;,b,:,=,3,+,9,*,1,;,c,:,=,4,+,1,*,1,end,.]
[256,269,40,257,44,258,41,59,259,269,44,269,44,269,58,263,59,260,269,58,60,270,43,270,42,270,59,269,58,60,270,43,270,42,270,59,269,58,60,270,43,270,42,270,261,46]
testfiles/testok3.pas end

Testing: testfiles/testok4.pas

Parse Fail!
[program,testok4,(,input,,,output,),;,var,a,,,b,,,c,:,integer,;,dd,,,ee,,,ff,:,integer,;,begin,a,:,=,b,+,c,*,2,end,.]
[256,269,40,257,44,258,41,59,259,269,44,269,44,269,58,263,59,269,44,269,44,269,58,263,59,260,269,58,60,269,43,269,42,270,261,46]
testfiles/testok4.pas end

Testing: testfiles/testok5.pas

Parse Fail!
[program,testok5,(,input,,,output,),;,var,x,,,y,,,z,:,integer,;,a,:,integer,;,b,:,integer,;,c,:,integer,;,begin,x,:,=,y,+,z,*,2,;,a,:,=,b,+,c,*,2,end,.]
[256,269,40,257,44,258,41,59,259,269,44,269,44,269,58,263,59,269,58,263,59,269,58,263,59,269,58,263,59,260,269,58,60,269,43,269,42,270,59,269,58,60,269,43,269,42,270,261,46]
testfiles/testok5.pas end

Testing: testfiles/testok6.pas

Parse Fail!
[program,testok6,(,input,,,output,),;,var,id,,,number,,,assign,:,integer,;,begin,id,:,=,(,number,+,assign,),*,2,end,.]
[256,269,40,257,44,258,41,59,259,269,44,269,44,269,58,263,59,260,269,58,60,40,269,43,269,41,42,270,261,46]
testfiles/testok6.pas end

Testing: testfiles/testok7.pas

Parse Fail!
[program,testok7,(,input,,,output,),;,var,a,:,integer,;,b,:,integer,;,c,:,integer,;,begin,a,:,=,b,+,c,*,2,end,.]
[256,269,40,257,44,258,41,59,259,269,58,263,59,269,58,263,59,269,58,263,59,260,269,58,60,269,43,269,42,270,261,46]
testfiles/testok7.pas end

Testing a-z programs

Testing: testfiles/testa.pas

Parse Fail!
[-1]
[273]
testfiles/testa.pas end

Testing: testfiles/testb.pas

Parse Fail!
[testb,(,input,,,output,),;,var,a,,,b,,,c,:,integer,;,begin,a,:,=,b,+,c,*,2,end,.]
[269,40,257,44,258,41,59,259,269,44,269,44,269,58,263,59,260,269,58,60,269,43,269,42,270,261,46]
testfiles/testb.pas end

Testing: testfiles/testc.pas

Parse Fail!
[program,(,input,,,output,),;,var,a,,,b,,,c,:,integer,;,begin,a,:,=,b,+,c,*,2,end,.]
[256,40,257,44,258,41,59,259,269,44,269,44,269,58,263,59,260,269,58,60,269,43,269,42,270,261,46]
testfiles/testc.pas end

Testing: testfiles/testd.pas

Parse Fail!
[program,testd,input,,,output,),;,var,a,,,b,,,c,:,integer,;,begin,a,:,=,b,+,c,*,2,end,.]
[256,269,257,44,258,41,59,259,269,44,269,44,269,58,263,59,260,269,58,60,269,43,269,42,270,261,46]
testfiles/testd.pas end

Testing: testfiles/teste.pas

Parse Fail!
[program,teste,(,,,output,),;,var,a,,,b,,,c,:,integer,;,begin,a,:,=,b,+,c,*,2,end,.]
[256,269,40,44,258,41,59,259,269,44,269,44,269,58,263,59,260,269,58,60,269,43,269,42,270,261,46]
testfiles/teste.pas end

Testing: testfiles/testf.pas

Parse Fail!
[program,testf,(,input,output,),;,var,a,,,b,,,c,:,integer,;,begin,a,:,=,b,+,c,*,2,end,.]
[256,269,40,257,258,41,59,259,269,44,269,44,269,58,263,59,260,269,58,60,269,43,269,42,270,261,46]
testfiles/testf.pas end

Testing: testfiles/testg.pas

Parse Fail!
[program,testg,(,input,,,),;,var,a,,,b,,,c,:,integer,;,begin,a,:,=,b,+,c,*,2,end,.]
[256,269,40,257,44,41,59,259,269,44,269,44,269,58,263,59,260,269,58,60,269,43,269,42,270,261,46]
testfiles/testg.pas end

Testing: testfiles/testh.pas

Parse Fail!
[program,testh,(,input,,,output,;,var,a,,,b,,,c,:,integer,;,begin,a,:,=,b,+,c,*,2,end,.]
[256,269,40,257,44,258,59,259,269,44,269,44,269,58,263,59,260,269,58,60,269,43,269,42,270,261,46]
testfiles/testh.pas end

Testing: testfiles/testi.pas

Parse Fail!
[program,testi,(,input,,,output,),var,a,,,b,,,c,:,integer,;,begin,a,:,=,b,+,c,*,2,end,.]
[256,269,40,257,44,258,41,259,269,44,269,44,269,58,263,59,260,269,58,60,269,43,269,42,270,261,46]
testfiles/testi.pas end

Testing: testfiles/testj.pas

Parse Fail!
[program,testj,(,input,,,output,),;,a,,,b,,,c,:,integer,;,begin,a,:,=,b,+,c,*,2,end,.]
[256,269,40,257,44,258,41,59,269,44,269,44,269,58,263,59,260,269,58,60,269,43,269,42,270,261,46]
testfiles/testj.pas end

Testing: testfiles/testk.pas

Parse Fail!
[program,testk,(,input,,,output,),;,var,,,b,,,c,:,integer,;,begin,a,:,=,b,+,c,*,2,end,.]
[256,269,40,257,44,258,41,59,259,44,269,44,269,58,263,59,260,269,58,60,269,43,269,42,270,261,46]
testfiles/testk.pas end

Testing: testfiles/testl.pas

Parse Fail!
[program,testl,(,input,,,output,),;,var,a,b,,,c,:,integer,;,begin,a,:,=,b,+,c,*,2,end,.]
[256,269,40,257,44,258,41,59,259,269,269,44,269,58,263,59,260,269,58,60,269,43,269,42,270,261,46]
testfiles/testl.pas end

Testing: testfiles/testm.pas

Parse Fail!
[program,testm,(,input,,,output,),;,var,a,,,b,,,c,integer,;,begin,a,:,=,b,+,c,*,2,end,.]
[256,269,40,257,44,258,41,59,259,269,44,269,44,269,263,59,260,269,58,60,269,43,269,42,270,261,46]
testfiles/testm.pas end

Testing: testfiles/testn.pas

Parse Fail!
[program,testn,(,input,,,output,),;,var,a,,,b,,,c,:,;,begin,a,:,=,b,+,c,*,2,end,.]
[256,269,40,257,44,258,41,59,259,269,44,269,44,269,58,59,260,269,58,60,269,43,269,42,270,261,46]
testfiles/testn.pas end

Testing: testfiles/testo.pas

Parse Fail!
[program,testo,(,input,,,output,),;,var,a,,,b,,,c,:,integer,begin,a,:,=,b,+,c,*,2,end,.]
[256,269,40,257,44,258,41,59,259,269,44,269,44,269,58,263,260,269,58,60,269,43,269,42,270,261,46]
testfiles/testo.pas end

Testing: testfiles/testp.pas

Parse Fail!
[program,testp,(,input,,,output,),;,var,a,,,b,,,c,:,integer,;,a,:,=,b,+,c,*,2,end,.]
[256,269,40,257,44,258,41,59,259,269,44,269,44,269,58,263,59,269,58,60,269,43,269,42,270,261,46]
testfiles/testp.pas end

Testing: testfiles/testq.pas

Parse Fail!
[program,testq,(,input,,,output,),;,var,a,,,b,,,c,:,integer,;,begin,:,=,b,+,c,*,2,end,.]
[256,269,40,257,44,258,41,59,259,269,44,269,44,269,58,263,59,260,58,60,269,43,269,42,270,261,46]
testfiles/testq.pas end

Testing: testfiles/testr.pas

Parse Fail!
[program,testr,(,input,,,output,),;,var,a,,,b,,,c,:,integer,;,begin,a,=,b,+,c,*,2,end,.]
[256,269,40,257,44,258,41,59,259,269,44,269,44,269,58,263,59,260,269,60,269,43,269,42,270,261,46]
testfiles/testr.pas end

Testing: testfiles/tests.pas

Parse Fail!
[program,tests,(,input,,,output,),;,var,a,,,b,,,c,:,integer,;,begin,a,:,b,+,c,*,2,end,.]
[256,269,40,257,44,258,41,59,259,269,44,269,44,269,58,263,59,260,269,58,269,43,269,42,270,261,46]
testfiles/tests.pas end

Testing: testfiles/testt.pas

Parse Fail!
[program,testt,(,input,,,output,),;,var,a,,,b,,,c,:,integer,;,begin,a,b,+,c,*,2,end,.]
[256,269,40,257,44,258,41,59,259,269,44,269,44,269,58,263,59,260,269,269,43,269,42,270,261,46]
testfiles/testt.pas end

Testing: testfiles/testu.pas

Parse Fail!
[program,testu,(,input,,,output,),;,var,a,,,b,,,c,:,integer,;,begin,a,:,=,+,c,*,2,end,.]
[256,269,40,257,44,258,41,59,259,269,44,269,44,269,58,263,59,260,269,58,60,43,269,42,270,261,46]
testfiles/testu.pas end

Testing: testfiles/testv.pas

Parse Fail!
[program,testv,(,input,,,output,),;,var,a,,,b,,,c,:,integer,;,begin,a,:,=,b,c,*,2,end,.]
[256,269,40,257,44,258,41,59,259,269,44,269,44,269,58,263,59,260,269,58,60,269,269,42,270,261,46]
testfiles/testv.pas end

Testing: testfiles/testw.pas

Parse Fail!
[program,testw,(,input,,,output,),;,var,a,,,b,,,c,:,integer,;,begin,a,:,=,b,+,c,2,end,.]
[256,269,40,257,44,258,41,59,259,269,44,269,44,269,58,263,59,260,269,58,60,269,43,269,270,261,46]
testfiles/testw.pas end

Testing: testfiles/testx.pas

Parse Fail!
[program,testx,(,input,,,output,),;,var,a,,,b,,,c,:,integer,;,begin,a,:,=,b,+,c,*,2,;,end,.]
[256,269,40,257,44,258,41,59,259,269,44,269,44,269,58,263,59,260,269,58,60,269,43,269,42,270,59,261,46]
testfiles/testx.pas end

Testing: testfiles/testy.pas

Parse Fail!
[program,testy,(,input,,,output,),;,var,a,,,b,,,c,:,integer,;,begin,a,:,=,b,+,c,*,2,.]
[256,269,40,257,44,258,41,59,259,269,44,269,44,269,58,263,59,260,269,58,60,269,43,269,42,270,46]
testfiles/testy.pas end

Testing: testfiles/testz.pas

Parse Fail!
[program,testz,(,input,,,output,),;,var,a,,,b,,,c,:,integer,;,begin,a,:,=,b,+,c,*,2,end,-1]
[256,269,40,257,44,258,41,59,259,269,44,269,44,269,58,263,59,260,269,58,60,269,43,269,42,270,261,273]
testfiles/testz.pas end

Testing fun programs

Testing: testfiles/fun1.pas

Parse Fail!
[program,fun1,(,input,,,output,),;,var,a,,,b,,,a,:,integer,;,begin,a,:,=,b,+,c,*,2,end,.]
[256,269,40,257,44,258,41,59,259,269,44,269,44,269,58,263,59,260,269,58,60,269,43,269,42,270,261,46]
testfiles/fun1.pas end

Testing: testfiles/fun2.pas

Testing OK programs

Testing: testfiles/testok1.pas

Parse Fail!
[program,testok1,(,input,,,output,),;,var,a,,,b,,,c,:,integer,;,begin,a,:,=,b,+,c,*,2,end,.]
[256,269,40,257,44,258,41,59,259,269,44,269,44,269,58,263,59,260,269,58,60,269,43,269,42,270,261,46]
testfiles/testok1.pas end

Testing: testfiles/testok2.pas

Parse Fail!
[program,testok2,(,input,,,output,),;,var,a,,,b,,,c,:,integer,;,d,,,e,,,f,:,integer,;,g,,,h,,,i,:,integer,;,begin,a,:,=,b,+,c,*,2,;,d,:,=,e,+,f,*,2,;,g,:,=,h,+,i,*,2,end,.]
[256,269,40,257,44,258,41,59,259,269,44,269,44,269,58,263,59,269,44,269,44,269,58,263,59,269,44,269,44,269,58,263,59,260,269,58,60,269,43,269,42,270,59,269,58,60,269,43,269,42,270,59,269,58,60,269,43,269,42,270,261,46]
testfiles/testok2.pas end

Testing: testfiles/testok3.pas

Parse Fail!
[program,testok3,(,input,,,output,),;,var,a,,,b,,,c,:,integer,;,begin,a,:,=,2,+,6,*,8,;,b,:,=,3,+,9,*,1,;,c,:,=,4,+,1,*,1,end,.]
[256,269,40,257,44,258,41,59,259,269,44,269,44,269,58,263,59,260,269,58,60,270,43,270,42,270,59,269,58,60,270,43,270,42,270,59,269,58,60,270,43,270,42,270,261,46]
testfiles/testok3.pas end

Testing: testfiles/testok4.pas

Parse Fail!
[program,testok4,(,input,,,output,),;,var,a,,,b,,,c,:,integer,;,dd,,,ee,,,ff,:,integer,;,begin,a,:,=,b,+,c,*,2,end,.]
[256,269,40,257,44,258,41,59,259,269,44,269,44,269,58,263,59,269,44,269,44,269,58,263,59,260,269,58,60,269,43,269,42,270,261,46]
testfiles/testok4.pas end

Testing: testfiles/testok5.pas

Parse Fail!
[program,testok5,(,input,,,output,),;,var,x,,,y,,,z,:,integer,;,a,:,integer,;,b,:,integer,;,c,:,integer,;,begin,x,:,=,y,+,z,*,2,;,a,:,=,b,+,c,*,2,end,.]
[256,269,40,257,44,258,41,59,259,269,44,269,44,269,58,263,59,269,58,263,59,269,58,263,59,269,58,263,59,260,269,58,60,269,43,269,42,270,59,269,58,60,269,43,269,42,270,261,46]
testfiles/testok5.pas end

Testing: testfiles/testok6.pas

Parse Fail!
[program,testok6,(,input,,,output,),;,var,id,,,number,,,assign,:,integer,;,begin,id,:,=,(,number,+,assign,),*,2,end,.]
[256,269,40,257,44,258,41,59,259,269,44,269,44,269,58,263,59,260,269,58,60,40,269,43,269,41,42,270,261,46]
testfiles/testok6.pas end

Testing: testfiles/testok7.pas

Parse Fail!
[program,testok7,(,input,,,output,),;,var,a,:,integer,;,b,:,integer,;,c,:,integer,;,begin,a,:,=,b,+,c,*,2,end,.]
[256,269,40,257,44,258,41,59,259,269,58,263,59,269,58,263,59,269,58,263,59,260,269,58,60,269,43,269,42,270,261,46]
testfiles/testok7.pas end

Testing a-z programs

Testing: testfiles/testa.pas

Parse Fail!
[-1]
[273]
testfiles/testa.pas end

Testing: testfiles/testb.pas

Parse Fail!
[testb,(,input,,,output,),;,var,a,,,b,,,c,:,integer,;,begin,a,:,=,b,+,c,*,2,end,.]
[269,40,257,44,258,41,59,259,269,44,269,44,269,58,263,59,260,269,58,60,269,43,269,42,270,261,46]
testfiles/testb.pas end

Testing: testfiles/testc.pas

Parse Fail!
[program,(,input,,,output,),;,var,a,,,b,,,c,:,integer,;,begin,a,:,=,b,+,c,*,2,end,.]
[256,40,257,44,258,41,59,259,269,44,269,44,269,58,263,59,260,269,58,60,269,43,269,42,270,261,46]
testfiles/testc.pas end

Testing: testfiles/testd.pas

Parse Fail!
[program,testd,input,,,output,),;,var,a,,,b,,,c,:,integer,;,begin,a,:,=,b,+,c,*,2,end,.]
[256,269,257,44,258,41,59,259,269,44,269,44,269,58,263,59,260,269,58,60,269,43,269,42,270,261,46]
testfiles/testd.pas end

Testing: testfiles/teste.pas

Parse Fail!
[program,teste,(,,,output,),;,var,a,,,b,,,c,:,integer,;,begin,a,:,=,b,+,c,*,2,end,.]
[256,269,40,44,258,41,59,259,269,44,269,44,269,58,263,59,260,269,58,60,269,43,269,42,270,261,46]
testfiles/teste.pas end

Testing: testfiles/testf.pas

Parse Fail!
[program,testf,(,input,output,),;,var,a,,,b,,,c,:,integer,;,begin,a,:,=,b,+,c,*,2,end,.]
[256,269,40,257,258,41,59,259,269,44,269,44,269,58,263,59,260,269,58,60,269,43,269,42,270,261,46]
testfiles/testf.pas end

Testing: testfiles/testg.pas

Parse Fail!
[program,testg,(,input,,,),;,var,a,,,b,,,c,:,integer,;,begin,a,:,=,b,+,c,*,2,end,.]
[256,269,40,257,44,41,59,259,269,44,269,44,269,58,263,59,260,269,58,60,269,43,269,42,270,261,46]
testfiles/testg.pas end

Testing: testfiles/testh.pas

Parse Fail!
[program,testh,(,input,,,output,;,var,a,,,b,,,c,:,integer,;,begin,a,:,=,b,+,c,*,2,end,.]
[256,269,40,257,44,258,59,259,269,44,269,44,269,58,263,59,260,269,58,60,269,43,269,42,270,261,46]
testfiles/testh.pas end

Testing: testfiles/testi.pas

Parse Fail!
[program,testi,(,input,,,output,),var,a,,,b,,,c,:,integer,;,begin,a,:,=,b,+,c,*,2,end,.]
[256,269,40,257,44,258,41,259,269,44,269,44,269,58,263,59,260,269,58,60,269,43,269,42,270,261,46]
testfiles/testi.pas end

Testing: testfiles/testj.pas

Parse Fail!
[program,testj,(,input,,,output,),;,a,,,b,,,c,:,integer,;,begin,a,:,=,b,+,c,*,2,end,.]
[256,269,40,257,44,258,41,59,269,44,269,44,269,58,263,59,260,269,58,60,269,43,269,42,270,261,46]
testfiles/testj.pas end

Testing: testfiles/testk.pas

Parse Fail!
[program,testk,(,input,,,output,),;,var,,,b,,,c,:,integer,;,begin,a,:,=,b,+,c,*,2,end,.]
[256,269,40,257,44,258,41,59,259,44,269,44,269,58,263,59,260,269,58,60,269,43,269,42,270,261,46]
testfiles/testk.pas end

Testing: testfiles/testl.pas

Parse Fail!
[program,testl,(,input,,,output,),;,var,a,b,,,c,:,integer,;,begin,a,:,=,b,+,c,*,2,end,.]
[256,269,40,257,44,258,41,59,259,269,269,44,269,58,263,59,260,269,58,60,269,43,269,42,270,261,46]
testfiles/testl.pas end

Testing: testfiles/testm.pas

Parse Fail!
[program,testm,(,input,,,output,),;,var,a,,,b,,,c,integer,;,begin,a,:,=,b,+,c,*,2,end,.]
[256,269,40,257,44,258,41,59,259,269,44,269,44,269,263,59,260,269,58,60,269,43,269,42,270,261,46]
testfiles/testm.pas end

Testing: testfiles/testn.pas

Parse Fail!
[program,testn,(,input,,,output,),;,var,a,,,b,,,c,:,;,begin,a,:,=,b,+,c,*,2,end,.]
[256,269,40,257,44,258,41,59,259,269,44,269,44,269,58,59,260,269,58,60,269,43,269,42,270,261,46]
testfiles/testn.pas end

Testing: testfiles/testo.pas

Parse Fail!
[program,testo,(,input,,,output,),;,var,a,,,b,,,c,:,integer,begin,a,:,=,b,+,c,*,2,end,.]
[256,269,40,257,44,258,41,59,259,269,44,269,44,269,58,263,260,269,58,60,269,43,269,42,270,261,46]
testfiles/testo.pas end

Testing: testfiles/testp.pas

Parse Fail!
[program,testp,(,input,,,output,),;,var,a,,,b,,,c,:,integer,;,a,:,=,b,+,c,*,2,end,.]
[256,269,40,257,44,258,41,59,259,269,44,269,44,269,58,263,59,269,58,60,269,43,269,42,270,261,46]
testfiles/testp.pas end

Testing: testfiles/testq.pas

Parse Fail!
[program,testq,(,input,,,output,),;,var,a,,,b,,,c,:,integer,;,begin,:,=,b,+,c,*,2,end,.]
[256,269,40,257,44,258,41,59,259,269,44,269,44,269,58,263,59,260,58,60,269,43,269,42,270,261,46]
testfiles/testq.pas end

Testing: testfiles/testr.pas

Parse Fail!
[program,testr,(,input,,,output,),;,var,a,,,b,,,c,:,integer,;,begin,a,=,b,+,c,*,2,end,.]
[256,269,40,257,44,258,41,59,259,269,44,269,44,269,58,263,59,260,269,60,269,43,269,42,270,261,46]
testfiles/testr.pas end

Testing: testfiles/tests.pas

Parse Fail!
[program,tests,(,input,,,output,),;,var,a,,,b,,,c,:,integer,;,begin,a,:,b,+,c,*,2,end,.]
[256,269,40,257,44,258,41,59,259,269,44,269,44,269,58,263,59,260,269,58,269,43,269,42,270,261,46]
testfiles/tests.pas end

Testing: testfiles/testt.pas

Parse Fail!
[program,testt,(,input,,,output,),;,var,a,,,b,,,c,:,integer,;,begin,a,b,+,c,*,2,end,.]
[256,269,40,257,44,258,41,59,259,269,44,269,44,269,58,263,59,260,269,269,43,269,42,270,261,46]
testfiles/testt.pas end

Testing: testfiles/testu.pas

Parse Fail!
[program,testu,(,input,,,output,),;,var,a,,,b,,,c,:,integer,;,begin,a,:,=,+,c,*,2,end,.]
[256,269,40,257,44,258,41,59,259,269,44,269,44,269,58,263,59,260,269,58,60,43,269,42,270,261,46]
testfiles/testu.pas end

Testing: testfiles/testv.pas

Parse Fail!
[program,testv,(,input,,,output,),;,var,a,,,b,,,c,:,integer,;,begin,a,:,=,b,c,*,2,end,.]
[256,269,40,257,44,258,41,59,259,269,44,269,44,269,58,263,59,260,269,58,60,269,269,42,270,261,46]
testfiles/testv.pas end

Testing: testfiles/testw.pas

Parse Fail!
[program,testw,(,input,,,output,),;,var,a,,,b,,,c,:,integer,;,begin,a,:,=,b,+,c,2,end,.]
[256,269,40,257,44,258,41,59,259,269,44,269,44,269,58,263,59,260,269,58,60,269,43,269,270,261,46]
testfiles/testw.pas end

Testing: testfiles/testx.pas

Parse Fail!
[program,testx,(,input,,,output,),;,var,a,,,b,,,c,:,integer,;,begin,a,:,=,b,+,c,*,2,;,end,.]
[256,269,40,257,44,258,41,59,259,269,44,269,44,269,58,263,59,260,269,58,60,269,43,269,42,270,59,261,46]
testfiles/testx.pas end

Testing: testfiles/testy.pas

Parse Fail!
[program,testy,(,input,,,output,),;,var,a,,,b,,,c,:,integer,;,begin,a,:,=,b,+,c,*,2,.]
[256,269,40,257,44,258,41,59,259,269,44,269,44,269,58,263,59,260,269,58,60,269,43,269,42,270,46]
testfiles/testy.pas end

Testing: testfiles/testz.pas

Parse Fail!
[program,testz,(,input,,,output,),;,var,a,,,b,,,c,:,integer,;,begin,a,:,=,b,+,c,*,2,end,-1]
[256,269,40,257,44,258,41,59,259,269,44,269,44,269,58,263,59,260,269,58,60,269,43,269,42,270,261,273]
testfiles/testz.pas end

Testing fun programs

Testing: testfiles/fun1.pas

Parse Fail!
[program,fun1,(,input,,,output,),;,var,a,,,b,,,a,:,integer,;,begin,a,:,=,b,+,c,*,2,end,.]
[256,269,40,257,44,258,41,59,259,269,44,269,44,269,58,263,59,260,269,58,60,269,43,269,42,270,261,46]
testfiles/fun1.pas end

Testing: testfiles/fun2.pas
